Using pre-set license
Built from 'HEAD' branch; Version is '2021.3.16f1c1 (56dbfdd6697f) revision 5692413'; Using compiler version '192829333'; Build Type 'Release'
OS: 'Windows 10  (10.0.19043) 64bit Professional' Language: 'zh' Physical Memory: 32674 MB
BatchMode: 1, IsHumanControllingUs: 0, StartBugReporterOnCrash: 0, Is64bit: 1, IsPro: 1

COMMAND LINE ARGUMENTS:
C:\Program Files\Unity\Hub\Editor\2021.3.16f1c1\Editor\Unity.exe
-adb2
-batchMode
-noUpm
-name
AssetImportWorker0
-projectPath
F:/xiaoye/wordleGame/chainSafe/newWordleGame/ChainSafeDemo
-logFile
Logs/AssetImportWorker0.log
-srvPort
63322
Successfully changed project path to: F:/xiaoye/wordleGame/chainSafe/newWordleGame/ChainSafeDemo
F:/xiaoye/wordleGame/chainSafe/newWordleGame/ChainSafeDemo
[UnityMemory] Configuration Parameters - Can be set up in boot.config
    "memorysetup-bucket-allocator-granularity=16"
    "memorysetup-bucket-allocator-bucket-count=8"
    "memorysetup-bucket-allocator-block-size=33554432"
    "memorysetup-bucket-allocator-block-count=8"
    "memorysetup-main-allocator-block-size=16777216"
    "memorysetup-thread-allocator-block-size=16777216"
    "memorysetup-gfx-main-allocator-block-size=16777216"
    "memorysetup-gfx-thread-allocator-block-size=16777216"
    "memorysetup-cache-allocator-block-size=4194304"
    "memorysetup-typetree-allocator-block-size=2097152"
    "memorysetup-profiler-bucket-allocator-granularity=16"
    "memorysetup-profiler-bucket-allocator-bucket-count=8"
    "memorysetup-profiler-bucket-allocator-block-size=33554432"
    "memorysetup-profiler-bucket-allocator-block-count=8"
    "memorysetup-profiler-allocator-block-size=16777216"
    "memorysetup-profiler-editor-allocator-block-size=1048576"
    "memorysetup-temp-allocator-size-main=16777216"
    "memorysetup-job-temp-allocator-block-size=2097152"
    "memorysetup-job-temp-allocator-block-size-background=1048576"
    "memorysetup-job-temp-allocator-reduction-small-platforms=262144"
    "memorysetup-temp-allocator-size-background-worker=32768"
    "memorysetup-temp-allocator-size-job-worker=262144"
    "memorysetup-temp-allocator-size-preload-manager=33554432"
    "memorysetup-temp-allocator-size-nav-mesh-worker=65536"
    "memorysetup-temp-allocator-size-audio-worker=65536"
    "memorysetup-temp-allocator-size-cloud-worker=32768"
    "memorysetup-temp-allocator-size-gi-baking-worker=262144"
    "memorysetup-temp-allocator-size-gfx=262144"
Player connection [63336] Host "[IP] 172.23.0.190 [Port] 0 [Flags] 2 [Guid] 2722998145 [EditorId] 2722998145 [Version] 1048832 [Id] WindowsEditor(7,DESKTOP-PB0CI13) [Debug] 1 [PackageName] WindowsEditor [ProjectName] Editor" joined multi-casting on [225.0.0.222:54997]...

Player connection [63336] Host "[IP] 172.23.0.190 [Port] 0 [Flags] 2 [Guid] 2722998145 [EditorId] 2722998145 [Version] 1048832 [Id] WindowsEditor(7,DESKTOP-PB0CI13) [Debug] 1 [PackageName] WindowsEditor [ProjectName] Editor" joined alternative multi-casting on [225.0.0.222:34997]...

AS: AutoStreaming module initializing.
Refreshing native plugins compatible for Editor in 155.68 ms, found 3 plugins.
Preloading 0 native plugins for Editor in 0.00 ms.
Initialize engine version: 2021.3.16f1c1 (56dbfdd6697f)
[Subsystems] Discovering subsystems at path C:/Program Files/Unity/Hub/Editor/2021.3.16f1c1/Editor/Data/Resources/UnitySubsystems
[Subsystems] Discovering subsystems at path F:/xiaoye/wordleGame/chainSafe/newWordleGame/ChainSafeDemo/Assets
GfxDevice: creating device client; threaded=0; jobified=0
Direct3D:
    Version:  Direct3D 11.0 [level 11.1]
    Renderer: NVIDIA GeForce GTX 1650 (ID=0x1f82)
    Vendor:   NVIDIA
    VRAM:     3962 MB
    Driver:   27.21.14.5671
Initialize mono
Mono path[0] = 'C:/Program Files/Unity/Hub/Editor/2021.3.16f1c1/Editor/Data/Managed'
Mono path[1] = 'C:/Program Files/Unity/Hub/Editor/2021.3.16f1c1/Editor/Data/MonoBleedingEdge/lib/mono/unityjit-win32'
Mono config path = 'C:/Program Files/Unity/Hub/Editor/2021.3.16f1c1/Editor/Data/MonoBleedingEdge/etc'
Using monoOptions --debugger-agent=transport=dt_socket,embedding=1,server=y,suspend=n,address=127.0.0.1:56236
Begin MonoManager ReloadAssembly
Registering precompiled unity dll's ...
Register platform support module: C:/Program Files/Unity/Hub/Editor/2021.3.16f1c1/Editor/Data/PlaybackEngines/WebGLSupport/UnityEditor.WebGL.Extensions.dll
Register platform support module: C:/Program Files/Unity/Hub/Editor/2021.3.16f1c1/Editor/Data/PlaybackEngines/WindowsStandaloneSupport/UnityEditor.WindowsStandalone.Extensions.dll
Registered in 0.010018 seconds.
Native extension for WindowsStandalone target not found
Native extension for WebGL target not found
Refreshing native plugins compatible for Editor in 147.35 ms, found 3 plugins.
Preloading 0 native plugins for Editor in 0.00 ms.
Mono: successfully reloaded assembly
- Completed reload, in  0.864 seconds
Domain Reload Profiling:
	ReloadAssembly (865ms)
		BeginReloadAssembly (106ms)
			ExecutionOrderSort (0ms)
			DisableScriptedObjects (0ms)
			BackupInstance (0ms)
			ReleaseScriptingObjects (0ms)
			CreateAndSetChildDomain (1ms)
		EndReloadAssembly (602ms)
			LoadAssemblies (97ms)
			RebuildTransferFunctionScriptingTraits (0ms)
			SetupTypeCache (143ms)
			ReleaseScriptCaches (0ms)
			RebuildScriptCaches (35ms)
			SetupLoadedEditorAssemblies (353ms)
				LogAssemblyErrors (0ms)
				InitializePlatformSupportModulesInManaged (11ms)
				SetLoadedEditorAssemblies (0ms)
				RefreshPlugins (147ms)
				BeforeProcessingInitializeOnLoad (1ms)
				ProcessInitializeOnLoadAttributes (141ms)
				ProcessInitializeOnLoadMethodAttributes (52ms)
				AfterProcessingInitializeOnLoad (0ms)
				EditorAssembliesLoaded (0ms)
			ExecutionOrderSort2 (0ms)
			AwakeInstancesAfterBackupRestoration (0ms)
Platform modules already initialized, skipping
Registering precompiled user dll's ...
Registered in 0.019492 seconds.
Begin MonoManager ReloadAssembly
Symbol file LoadedFromMemory doesn't match image F:\xiaoye\wordleGame\chainSafe\newWordleGame\ChainSafeDemo\Library\PackageCache\com.unity.visualscripting@1.7.8\Editor\VisualScripting.Core\Dependencies\YamlDotNet\Unity.VisualScripting.YamlDotNet.dll
Symbol file LoadedFromMemory doesn't match image F:\xiaoye\wordleGame\chainSafe\newWordleGame\ChainSafeDemo\Library\PackageCache\com.unity.visualscripting@1.7.8\Editor\VisualScripting.Core\Dependencies\DotNetZip\Unity.VisualScripting.IonicZip.dll
Native extension for WindowsStandalone target not found
Native extension for WebGL target not found
Refreshing native plugins compatible for Editor in 164.18 ms, found 3 plugins.
Preloading 0 native plugins for Editor in 0.00 ms.
Mono: successfully reloaded assembly
- Completed reload, in  1.988 seconds
Domain Reload Profiling:
	ReloadAssembly (1989ms)
		BeginReloadAssembly (130ms)
			ExecutionOrderSort (0ms)
			DisableScriptedObjects (6ms)
			BackupInstance (0ms)
			ReleaseScriptingObjects (0ms)
			CreateAndSetChildDomain (21ms)
		EndReloadAssembly (1710ms)
			LoadAssemblies (113ms)
			RebuildTransferFunctionScriptingTraits (0ms)
			SetupTypeCache (448ms)
			ReleaseScriptCaches (1ms)
			RebuildScriptCaches (93ms)
			SetupLoadedEditorAssemblies (978ms)
				LogAssemblyErrors (0ms)
				InitializePlatformSupportModulesInManaged (8ms)
				SetLoadedEditorAssemblies (0ms)
				RefreshPlugins (164ms)
				BeforeProcessingInitializeOnLoad (157ms)
				ProcessInitializeOnLoadAttributes (557ms)
				ProcessInitializeOnLoadMethodAttributes (76ms)
				AfterProcessingInitializeOnLoad (16ms)
				EditorAssembliesLoaded (0ms)
			ExecutionOrderSort2 (0ms)
			AwakeInstancesAfterBackupRestoration (11ms)
Platform modules already initialized, skipping
========================================================================
Worker process is ready to serve import requests
Launched and connected shader compiler UnityShaderCompiler.exe after 0.10 seconds
Refreshing native plugins compatible for Editor in 1.98 ms, found 3 plugins.
Preloading 0 native plugins for Editor in 0.00 ms.
Unloading 5951 Unused Serialized files (Serialized files now loaded: 0)
Unloading 60 unused Assets / (0.6 MB). Loaded Objects now: 6383.
Memory consumption went from 235.0 MB to 234.4 MB.
Total: 6.476400 ms (FindLiveObjects: 0.714400 ms CreateObjectMapping: 0.877000 ms MarkObjects: 4.364700 ms  DeleteObjects: 0.518800 ms)

AssetImportParameters requested are different than current active one (requested -> active):
  custom:video-decoder-ogg-theora: a1e56fd34408186e4bbccfd4996cb3dc -> 
  custom:container-muxer-webm: aa71ff27fc2769a1b78a27578f13a17b -> 
  custom:container-demuxer-webm: 4f35f7cbe854078d1ac9338744f61a02 -> 
  custom:video-encoder-webm-vp8: eb34c28f22e8b96e1ab97ce403110664 -> 
  custom:audio-encoder-webm-vorbis: bf7c407c2cedff20999df2af8eb42d56 -> 
  custom:framework-win-MediaFoundation: 216162199b28c13a410421893ffa2e32 -> 
  custom:container-demuxer-ogg: 62fdf1f143b41e24485cea50d1cbac27 -> 
  custom:video-decoder-webm-vp8: 9c59270c3fd7afecdb556c50c9e8de78 -> 
  custom:audio-decoder-ogg-vorbis: bf7c407c2cedff20999df2af8eb42d56 -> 
========================================================================
Received Import Request.
  Time since last request: 422463.592545 seconds.
  path: Assets/UniversalRenderPipelineGlobalSettings.asset
  artifactKey: Guid(1ae51260d928f9445b8daed1d340f3f2) Importer(815301076,1909f56bfc062723c751e8b465ee728b)
Start importing Assets/UniversalRenderPipelineGlobalSettings.asset using Guid(1ae51260d928f9445b8daed1d340f3f2) Importer(815301076,1909f56bfc062723c751e8b465ee728b)  -> (artifact id: '081c45b008664df59136583c6f4766b4') in 0.039875 seconds 
========================================================================
Received Import Request.
  Time since last request: 18.067309 seconds.
  path: Assets/Sprites/firstscreenbg.PNG
  artifactKey: Guid(bbaf214eb995e8e47ba5ff06a3006632) Importer(815301076,1909f56bfc062723c751e8b465ee728b)
Start importing Assets/Sprites/firstscreenbg.PNG using Guid(bbaf214eb995e8e47ba5ff06a3006632) Importer(815301076,1909f56bfc062723c751e8b465ee728b)  -> (artifact id: '9ca05a6a5c7bffa44153046f4b0dc07a') in 0.088147 seconds 
========================================================================
Received Import Request.
  Time since last request: 203.056161 seconds.
  path: Assets/Scenes/Login.unity
  artifactKey: Guid(ae4488391c7d5924ead67676157caae5) Importer(815301076,1909f56bfc062723c751e8b465ee728b)
Start importing Assets/Scenes/Login.unity using Guid(ae4488391c7d5924ead67676157caae5) Importer(815301076,1909f56bfc062723c751e8b465ee728b)  -> (artifact id: '2b9060afd9fa4670ace360be8b762d6a') in 0.002058 seconds 
========================================================================
Received Prepare
Refreshing native plugins compatible for Editor in 16.54 ms, found 3 plugins.
Preloading 0 native plugins for Editor in 0.00 ms.
Unloading 51 Unused Serialized files (Serialized files now loaded: 0)
Unloading 51 unused Assets / (0.6 MB). Loaded Objects now: 6391.
Memory consumption went from 112.2 MB to 111.6 MB.
Total: 10.663500 ms (FindLiveObjects: 0.813500 ms CreateObjectMapping: 1.020200 ms MarkObjects: 8.339600 ms  DeleteObjects: 0.488200 ms)

AssetImportParameters requested are different than current active one (requested -> active):
  custom:video-decoder-ogg-theora: a1e56fd34408186e4bbccfd4996cb3dc -> 
  custom:container-muxer-webm: aa71ff27fc2769a1b78a27578f13a17b -> 
  custom:container-demuxer-webm: 4f35f7cbe854078d1ac9338744f61a02 -> 
  custom:video-encoder-webm-vp8: eb34c28f22e8b96e1ab97ce403110664 -> 
  custom:audio-encoder-webm-vorbis: bf7c407c2cedff20999df2af8eb42d56 -> 
  custom:framework-win-MediaFoundation: 216162199b28c13a410421893ffa2e32 -> 
  custom:container-demuxer-ogg: 62fdf1f143b41e24485cea50d1cbac27 -> 
  custom:video-decoder-webm-vp8: 9c59270c3fd7afecdb556c50c9e8de78 -> 
  custom:audio-decoder-ogg-vorbis: bf7c407c2cedff20999df2af8eb42d56 -> 
========================================================================
Received Prepare
Refreshing native plugins compatible for Editor in 11.56 ms, found 3 plugins.
Preloading 0 native plugins for Editor in 0.00 ms.
Unloading 51 Unused Serialized files (Serialized files now loaded: 0)
Unloading 51 unused Assets / (0.6 MB). Loaded Objects now: 6391.
Memory consumption went from 112.2 MB to 111.6 MB.
Total: 9.505800 ms (FindLiveObjects: 0.726700 ms CreateObjectMapping: 0.998000 ms MarkObjects: 7.168400 ms  DeleteObjects: 0.610800 ms)

AssetImportParameters requested are different than current active one (requested -> active):
  custom:video-decoder-ogg-theora: a1e56fd34408186e4bbccfd4996cb3dc -> 
  custom:container-muxer-webm: aa71ff27fc2769a1b78a27578f13a17b -> 
  custom:container-demuxer-webm: 4f35f7cbe854078d1ac9338744f61a02 -> 
  custom:video-encoder-webm-vp8: eb34c28f22e8b96e1ab97ce403110664 -> 
  custom:audio-encoder-webm-vorbis: bf7c407c2cedff20999df2af8eb42d56 -> 
  custom:framework-win-MediaFoundation: 216162199b28c13a410421893ffa2e32 -> 
  custom:container-demuxer-ogg: 62fdf1f143b41e24485cea50d1cbac27 -> 
  custom:video-decoder-webm-vp8: 9c59270c3fd7afecdb556c50c9e8de78 -> 
  custom:audio-decoder-ogg-vorbis: bf7c407c2cedff20999df2af8eb42d56 -> 
========================================================================
Received Import Request.
  Time since last request: 3944.408330 seconds.
  path: Assets/Web3Unity/Scripts/Scenes/WebLogin.cs
  artifactKey: Guid(afa6e5a3cdd404aeebca024db9afeae7) Importer(815301076,1909f56bfc062723c751e8b465ee728b)
Start importing Assets/Web3Unity/Scripts/Scenes/WebLogin.cs using Guid(afa6e5a3cdd404aeebca024db9afeae7) Importer(815301076,1909f56bfc062723c751e8b465ee728b)  -> (artifact id: '84b35a64a6d5ea23de4fc4716919e660') in 0.014757 seconds 
========================================================================
Received Import Request.
  Time since last request: 83.428755 seconds.
  path: Assets/Scenes/Game.unity
  artifactKey: Guid(9fc0d4010bbf28b4594072e72b8655ab) Importer(815301076,1909f56bfc062723c751e8b465ee728b)
Start importing Assets/Scenes/Game.unity using Guid(9fc0d4010bbf28b4594072e72b8655ab) Importer(815301076,1909f56bfc062723c751e8b465ee728b)  -> (artifact id: '43dc3a307c3d23b9884faa4cee996938') in 0.001855 seconds 
========================================================================
Received Import Request.
  Time since last request: 180.284058 seconds.
  path: Assets/Scripts/Player/PlayerInputActions.inputactions
  artifactKey: Guid(376a7255a4b555848ba6bf21db16be00) Importer(815301076,1909f56bfc062723c751e8b465ee728b)
Start importing Assets/Scripts/Player/PlayerInputActions.inputactions using Guid(376a7255a4b555848ba6bf21db16be00) Importer(815301076,1909f56bfc062723c751e8b465ee728b)  -> (artifact id: '7399b2577d9ee946bb09172d0b7a1212') in 0.107015 seconds 
========================================================================
Received Import Request.
  Time since last request: 48.810253 seconds.
  path: Assets/Meshtint Free Chicken Mega Toon Series/FBX/Toon Chicken.FBX
  artifactKey: Guid(d623cd35a78380d4eb0457c4e483abed) Importer(815301076,1909f56bfc062723c751e8b465ee728b)
Start importing Assets/Meshtint Free Chicken Mega Toon Series/FBX/Toon Chicken.FBX using Guid(d623cd35a78380d4eb0457c4e483abed) Importer(815301076,1909f56bfc062723c751e8b465ee728b)  -> (artifact id: '0e40aa88ae91cdfd26c5d5143b0f3365') in 2.862761 seconds 
========================================================================
Received Import Request.
  Time since last request: 0.000035 seconds.
  path: Assets/Meshtint Free Chicken Mega Toon Series/FBX/Toon Chicken@Idle.FBX
  artifactKey: Guid(46d0b1354c1891d458a732548bb69bf6) Importer(815301076,1909f56bfc062723c751e8b465ee728b)
Start importing Assets/Meshtint Free Chicken Mega Toon Series/FBX/Toon Chicken@Idle.FBX using Guid(46d0b1354c1891d458a732548bb69bf6) Importer(815301076,1909f56bfc062723c751e8b465ee728b)  -> (artifact id: 'cdda574390c4a124a91ec2b90ec2119e') in 0.037042 seconds 
========================================================================
Received Import Request.
  Time since last request: 0.000056 seconds.
  path: Assets/Meshtint Free Chicken Mega Toon Series/FBX/Toon Chicken@Run W Root.FBX
  artifactKey: Guid(d279d6200c85ac140aa9c93ce39f4ad4) Importer(815301076,1909f56bfc062723c751e8b465ee728b)
Start importing Assets/Meshtint Free Chicken Mega Toon Series/FBX/Toon Chicken@Run W Root.FBX using Guid(d279d6200c85ac140aa9c93ce39f4ad4) Importer(815301076,1909f56bfc062723c751e8b465ee728b)  -> (artifact id: '21e3a50dab3aaa3025a892ce8f67f1e6') in 0.058358 seconds 
========================================================================
Received Import Request.
  Time since last request: 0.000026 seconds.
  path: Assets/Meshtint Free Chicken Mega Toon Series/FBX/Toon Chicken@Run In Place.FBX
  artifactKey: Guid(8655854fe0299a548b9c79b29ab40b8c) Importer(815301076,1909f56bfc062723c751e8b465ee728b)
Start importing Assets/Meshtint Free Chicken Mega Toon Series/FBX/Toon Chicken@Run In Place.FBX using Guid(8655854fe0299a548b9c79b29ab40b8c) Importer(815301076,1909f56bfc062723c751e8b465ee728b)  -> (artifact id: 'dea87f05c1175b34772f0ae8e0f20146') in 0.025046 seconds 
========================================================================
Received Import Request.
  Time since last request: 148.523743 seconds.
  path: Assets/Resources/chainsafemenulogo.png
  artifactKey: Guid(05b191c1eedcefd418f509b7d13ac4dd) Importer(815301076,1909f56bfc062723c751e8b465ee728b)
Start importing Assets/Resources/chainsafemenulogo.png using Guid(05b191c1eedcefd418f509b7d13ac4dd) Importer(815301076,1909f56bfc062723c751e8b465ee728b)  -> (artifact id: '0cb78ed7117e094e9d71400bd78875ae') in 0.207688 seconds 
========================================================================
Received Import Request.
  Time since last request: 1.111979 seconds.
  path: Assets/Scenes/Login.unity
  artifactKey: Guid(ae4488391c7d5924ead67676157caae5) Importer(815301076,1909f56bfc062723c751e8b465ee728b)
Start importing Assets/Scenes/Login.unity using Guid(ae4488391c7d5924ead67676157caae5) Importer(815301076,1909f56bfc062723c751e8b465ee728b)  -> (artifact id: '28cd9cc449bf9d1766fcf85753bdf61a') in 0.001382 seconds 
========================================================================
Received Import Request.
  Time since last request: 46.981680 seconds.
  path: Assets/Scenes/Game.unity
  artifactKey: Guid(9fc0d4010bbf28b4594072e72b8655ab) Importer(815301076,1909f56bfc062723c751e8b465ee728b)
Start importing Assets/Scenes/Game.unity using Guid(9fc0d4010bbf28b4594072e72b8655ab) Importer(815301076,1909f56bfc062723c751e8b465ee728b)  -> (artifact id: '3e0aeebddeadca0054d654a399789429') in 0.001381 seconds 
========================================================================
Received Import Request.
  Time since last request: 4363.324508 seconds.
  path: Assets/Scenes/Game.unity
  artifactKey: Guid(9fc0d4010bbf28b4594072e72b8655ab) Importer(815301076,1909f56bfc062723c751e8b465ee728b)
Start importing Assets/Scenes/Game.unity using Guid(9fc0d4010bbf28b4594072e72b8655ab) Importer(815301076,1909f56bfc062723c751e8b465ee728b)  -> (artifact id: '06813d6ecce785fc7f1a5b51be107931') in 0.006542 seconds 
========================================================================
Received Import Request.
  Time since last request: 1.888298 seconds.
  path: Assets/Scenes/Game 1.unity
  artifactKey: Guid(90d805f2c3fdbbf40a71c605dd0684ff) Importer(815301076,1909f56bfc062723c751e8b465ee728b)
Start importing Assets/Scenes/Game 1.unity using Guid(90d805f2c3fdbbf40a71c605dd0684ff) Importer(815301076,1909f56bfc062723c751e8b465ee728b)  -> (artifact id: 'b1d0b57574e8559d66adc572fe9a88ac') in 0.002037 seconds 
========================================================================
Received Import Request.
  Time since last request: 7.369225 seconds.
  path: Assets/Scenes/Main.unity
  artifactKey: Guid(90d805f2c3fdbbf40a71c605dd0684ff) Importer(815301076,1909f56bfc062723c751e8b465ee728b)
Start importing Assets/Scenes/Main.unity using Guid(90d805f2c3fdbbf40a71c605dd0684ff) Importer(815301076,1909f56bfc062723c751e8b465ee728b)  -> (artifact id: '7202ea5bbb400f5763392633e1371d71') in 0.001999 seconds 
========================================================================
Received Import Request.
  Time since last request: 356.314059 seconds.
  path: Assets/Scenes/Game_Profiles
  artifactKey: Guid(36a79ec38c21cb0418e0f6baf02e39cd) Importer(815301076,1909f56bfc062723c751e8b465ee728b)
Start importing Assets/Scenes/Game_Profiles using Guid(36a79ec38c21cb0418e0f6baf02e39cd) Importer(815301076,1909f56bfc062723c751e8b465ee728b)  -> (artifact id: 'd76f39e5dcef390a3ada77a1c320b666') in 0.002092 seconds 
========================================================================
Received Import Request.
  Time since last request: 0.135478 seconds.
  path: Assets/Scenes/Game_Profiles/PostProcessVolume Profile(URP).asset
  artifactKey: Guid(d8acf8156fc881a48ad3644521ebdb57) Importer(815301076,1909f56bfc062723c751e8b465ee728b)
Start importing Assets/Scenes/Game_Profiles/PostProcessVolume Profile(URP).asset using Guid(d8acf8156fc881a48ad3644521ebdb57) Importer(815301076,1909f56bfc062723c751e8b465ee728b)  -> (artifact id: 'd388ed326b8fc8cdf71d21abe0c4a3a0') in 0.048395 seconds 
========================================================================
Received Import Request.
  Time since last request: 41.928400 seconds.
  path: Assets/Scripts/Main
  artifactKey: Guid(bfd5889804ff0694a90bac3f69e89003) Importer(815301076,1909f56bfc062723c751e8b465ee728b)
Start importing Assets/Scripts/Main using Guid(bfd5889804ff0694a90bac3f69e89003) Importer(815301076,1909f56bfc062723c751e8b465ee728b)  -> (artifact id: 'ca27e3de1207a46992580d94f8c6ca19') in 0.002582 seconds 
========================================================================
Received Import Request.
  Time since last request: 4.453861 seconds.
  path: Assets/Scenes
  artifactKey: Guid(6ea315d0fd7389c41b19996891e99ae3) Importer(815301076,1909f56bfc062723c751e8b465ee728b)
Start importing Assets/Scenes using Guid(6ea315d0fd7389c41b19996891e99ae3) Importer(815301076,1909f56bfc062723c751e8b465ee728b)  -> (artifact id: 'b8193726cff86800c54781cdc6d54904') in 0.002170 seconds 
========================================================================
Received Import Request.
  Time since last request: 20.717947 seconds.
  path: Assets/Scripts/Main/LMain.cs
  artifactKey: Guid(46f71f471cc0c7443b5d4093050831c7) Importer(815301076,1909f56bfc062723c751e8b465ee728b)
Start importing Assets/Scripts/Main/LMain.cs using Guid(46f71f471cc0c7443b5d4093050831c7) Importer(815301076,1909f56bfc062723c751e8b465ee728b)  -> (artifact id: '15091ea4bd48f97e1552c9ef8621fc7a') in 0.002165 seconds 
========================================================================
Received Prepare
Registering precompiled user dll's ...
Registered in 0.015960 seconds.
Begin MonoManager ReloadAssembly
Symbol file LoadedFromMemory doesn't match image F:\xiaoye\wordleGame\chainSafe\newWordleGame\ChainSafeDemo\Library\PackageCache\com.unity.visualscripting@1.7.8\Editor\VisualScripting.Core\Dependencies\YamlDotNet\Unity.VisualScripting.YamlDotNet.dll
Symbol file LoadedFromMemory doesn't match image F:\xiaoye\wordleGame\chainSafe\newWordleGame\ChainSafeDemo\Library\PackageCache\com.unity.visualscripting@1.7.8\Editor\VisualScripting.Core\Dependencies\DotNetZip\Unity.VisualScripting.IonicZip.dll
Native extension for WindowsStandalone target not found
Native extension for WebGL target not found
Refreshing native plugins compatible for Editor in 1.09 ms, found 3 plugins.
Preloading 0 native plugins for Editor in 0.00 ms.
Mono: successfully reloaded assembly
- Completed reload, in  1.910 seconds
Domain Reload Profiling:
	ReloadAssembly (1911ms)
		BeginReloadAssembly (400ms)
			ExecutionOrderSort (0ms)
			DisableScriptedObjects (28ms)
			BackupInstance (0ms)
			ReleaseScriptingObjects (0ms)
			CreateAndSetChildDomain (193ms)
		EndReloadAssembly (1374ms)
			LoadAssemblies (130ms)
			RebuildTransferFunctionScriptingTraits (0ms)
			SetupTypeCache (409ms)
			ReleaseScriptCaches (2ms)
			RebuildScriptCaches (54ms)
			SetupLoadedEditorAssemblies (686ms)
				LogAssemblyErrors (0ms)
				InitializePlatformSupportModulesInManaged (15ms)
				SetLoadedEditorAssemblies (1ms)
				RefreshPlugins (1ms)
				BeforeProcessingInitializeOnLoad (116ms)
				ProcessInitializeOnLoadAttributes (468ms)
				ProcessInitializeOnLoadMethodAttributes (70ms)
				AfterProcessingInitializeOnLoad (15ms)
				EditorAssembliesLoaded (0ms)
			ExecutionOrderSort2 (0ms)
			AwakeInstancesAfterBackupRestoration (18ms)
Platform modules already initialized, skipping
Refreshing native plugins compatible for Editor in 4.00 ms, found 3 plugins.
Preloading 0 native plugins for Editor in 0.00 ms.
Unloading 5806 Unused Serialized files (Serialized files now loaded: 0)
Unloading 51 unused Assets / (0.6 MB). Loaded Objects now: 6451.
Memory consumption went from 244.0 MB to 243.4 MB.
Total: 5.833200 ms (FindLiveObjects: 0.536300 ms CreateObjectMapping: 0.498600 ms MarkObjects: 4.379400 ms  DeleteObjects: 0.417600 ms)

AssetImportParameters requested are different than current active one (requested -> active):
  custom:video-decoder-ogg-theora: a1e56fd34408186e4bbccfd4996cb3dc -> 
  custom:container-muxer-webm: aa71ff27fc2769a1b78a27578f13a17b -> 
  custom:container-demuxer-webm: 4f35f7cbe854078d1ac9338744f61a02 -> 
  custom:video-encoder-webm-vp8: eb34c28f22e8b96e1ab97ce403110664 -> 
  custom:audio-encoder-webm-vorbis: bf7c407c2cedff20999df2af8eb42d56 -> 
  custom:framework-win-MediaFoundation: 216162199b28c13a410421893ffa2e32 -> 
  custom:container-demuxer-ogg: 62fdf1f143b41e24485cea50d1cbac27 -> 
  custom:video-decoder-webm-vp8: 9c59270c3fd7afecdb556c50c9e8de78 -> 
  custom:audio-decoder-ogg-vorbis: bf7c407c2cedff20999df2af8eb42d56 -> 
========================================================================
Received Import Request.
  Time since last request: 43.748937 seconds.
  path: Assets/Scripts/Main/LMainManager.cs
  artifactKey: Guid(46f71f471cc0c7443b5d4093050831c7) Importer(815301076,1909f56bfc062723c751e8b465ee728b)
Start importing Assets/Scripts/Main/LMainManager.cs using Guid(46f71f471cc0c7443b5d4093050831c7) Importer(815301076,1909f56bfc062723c751e8b465ee728b)  -> (artifact id: '977ad651c01a32282cc50d9bc4fb879b') in 0.010080 seconds 
========================================================================
Received Prepare
Registering precompiled user dll's ...
Registered in 0.015828 seconds.
Begin MonoManager ReloadAssembly
Symbol file LoadedFromMemory doesn't match image F:\xiaoye\wordleGame\chainSafe\newWordleGame\ChainSafeDemo\Library\PackageCache\com.unity.visualscripting@1.7.8\Editor\VisualScripting.Core\Dependencies\YamlDotNet\Unity.VisualScripting.YamlDotNet.dll
Symbol file LoadedFromMemory doesn't match image F:\xiaoye\wordleGame\chainSafe\newWordleGame\ChainSafeDemo\Library\PackageCache\com.unity.visualscripting@1.7.8\Editor\VisualScripting.Core\Dependencies\DotNetZip\Unity.VisualScripting.IonicZip.dll
Native extension for WindowsStandalone target not found
Native extension for WebGL target not found
Refreshing native plugins compatible for Editor in 1.18 ms, found 3 plugins.
Preloading 0 native plugins for Editor in 0.00 ms.
Mono: successfully reloaded assembly
- Completed reload, in  1.613 seconds
Domain Reload Profiling:
	ReloadAssembly (1613ms)
		BeginReloadAssembly (166ms)
			ExecutionOrderSort (0ms)
			DisableScriptedObjects (5ms)
			BackupInstance (0ms)
			ReleaseScriptingObjects (0ms)
			CreateAndSetChildDomain (51ms)
		EndReloadAssembly (1323ms)
			LoadAssemblies (109ms)
			RebuildTransferFunctionScriptingTraits (0ms)
			SetupTypeCache (359ms)
			ReleaseScriptCaches (2ms)
			RebuildScriptCaches (48ms)
			SetupLoadedEditorAssemblies (716ms)
				LogAssemblyErrors (0ms)
				InitializePlatformSupportModulesInManaged (15ms)
				SetLoadedEditorAssemblies (0ms)
				RefreshPlugins (1ms)
				BeforeProcessingInitializeOnLoad (96ms)
				ProcessInitializeOnLoadAttributes (495ms)
				ProcessInitializeOnLoadMethodAttributes (94ms)
				AfterProcessingInitializeOnLoad (14ms)
				EditorAssembliesLoaded (0ms)
			ExecutionOrderSort2 (0ms)
			AwakeInstancesAfterBackupRestoration (19ms)
Platform modules already initialized, skipping
Refreshing native plugins compatible for Editor in 5.11 ms, found 3 plugins.
Preloading 0 native plugins for Editor in 0.00 ms.
Unloading 5807 Unused Serialized files (Serialized files now loaded: 0)
Unloading 51 unused Assets / (0.6 MB). Loaded Objects now: 6454.
Memory consumption went from 244.0 MB to 243.5 MB.
Total: 8.033800 ms (FindLiveObjects: 0.648400 ms CreateObjectMapping: 0.752800 ms MarkObjects: 5.787300 ms  DeleteObjects: 0.843400 ms)

AssetImportParameters requested are different than current active one (requested -> active):
  custom:video-decoder-ogg-theora: a1e56fd34408186e4bbccfd4996cb3dc -> 
  custom:container-muxer-webm: aa71ff27fc2769a1b78a27578f13a17b -> 
  custom:container-demuxer-webm: 4f35f7cbe854078d1ac9338744f61a02 -> 
  custom:video-encoder-webm-vp8: eb34c28f22e8b96e1ab97ce403110664 -> 
  custom:audio-encoder-webm-vorbis: bf7c407c2cedff20999df2af8eb42d56 -> 
  custom:framework-win-MediaFoundation: 216162199b28c13a410421893ffa2e32 -> 
  custom:container-demuxer-ogg: 62fdf1f143b41e24485cea50d1cbac27 -> 
  custom:video-decoder-webm-vp8: 9c59270c3fd7afecdb556c50c9e8de78 -> 
  custom:audio-decoder-ogg-vorbis: bf7c407c2cedff20999df2af8eb42d56 -> 
========================================================================
Received Import Request.
  Time since last request: 526.720980 seconds.
  path: Assets/Sprites/chainsafelogo.png
  artifactKey: Guid(c9dc3fa140795fa41951fdcfa7ed6012) Importer(815301076,1909f56bfc062723c751e8b465ee728b)
Start importing Assets/Sprites/chainsafelogo.png using Guid(c9dc3fa140795fa41951fdcfa7ed6012) Importer(815301076,1909f56bfc062723c751e8b465ee728b)  -> (artifact id: '670860fff4d89621e3701c2de6ef39e1') in 0.358915 seconds 
========================================================================
Received Import Request.
  Time since last request: 0.000028 seconds.
  path: Assets/Sprites/square-blank.png
  artifactKey: Guid(0a154a21e99b10a4d9ccb02455a918ed) Importer(815301076,1909f56bfc062723c751e8b465ee728b)
Start importing Assets/Sprites/square-blank.png using Guid(0a154a21e99b10a4d9ccb02455a918ed) Importer(815301076,1909f56bfc062723c751e8b465ee728b)  -> (artifact id: 'c7cc7124938f153172112e2b1e213b47') in 0.034944 seconds 
Editor requested this worker to shutdown with reason: Scaling down because of idle timeout
AssetImportWorker is now disconnected from the server
Process exiting
Exiting without the bug reporter. Application will terminate with return code 0